<?xml version="1.0" encoding="UTF-8"?>
<!-- Generated by org.testng.reporters.JUnitReportReporter -->
<testsuite hostname="DESKTOP-3R109LR" failures="0" tests="1" name="beauty.LaunchLakme_Test" time="9.601" errors="0" timestamp="2024-04-22T07:42:18 IST" skipped="0">
  <testcase classname="beauty.LaunchLakme_Test" name="lakme" time="9.601"/>
  <system-out/>
</testsuite> <!-- beauty.LaunchLakme_Test -->
