<?xml version="1.0" encoding="UTF-8"?>
<!-- Generated by org.testng.reporters.JUnitReportReporter -->
<testsuite hostname="DESKTOP-3R109LR" failures="0" tests="1" name="ecommerce.LaunchFlipkart_Test" time="5.027" errors="0" timestamp="2024-04-18T09:10:08 IST" skipped="0">
  <testcase classname="ecommerce.LaunchFlipkart_Test" name="flipkart" time="5.027"/>
  <system-out/>
</testsuite> <!-- ecommerce.LaunchFlipkart_Test -->
