<?xml version="1.0" encoding="UTF-8"?>
<!-- Generated by org.testng.reporters.JUnitReportReporter -->
<testsuite hostname="DESKTOP-3R109LR" failures="0" tests="1" name="beauty.LaunchLakme_Test" time="8.864" errors="0" timestamp="2024-04-18T08:55:11 IST" skipped="0">
  <testcase classname="beauty.LaunchLakme_Test" name="lakme" time="8.864"/>
  <system-out/>
</testsuite> <!-- beauty.LaunchLakme_Test -->
