<?xml version="1.0" encoding="UTF-8"?>
<!-- Generated by org.testng.reporters.JUnitReportReporter -->
<testsuite hostname="DESKTOP-3R109LR" failures="0" tests="1" name="food.LaunchDominos_Test" time="5.830" errors="0" timestamp="2024-04-18T09:17:15 IST" skipped="0">
  <testcase classname="food.LaunchDominos_Test" name="dominos" time="5.830"/>
  <system-out/>
</testsuite> <!-- food.LaunchDominos_Test -->
